2016-09-07T07:47:48.887+0530 I CONTROL  [initandlisten] MongoDB starting : pid=16699 port=27017 dbpath=mongodb/data/db 64-bit host=Deepaks-MBP
2016-09-07T07:47:48.887+0530 I CONTROL  [initandlisten] db version v3.2.9
2016-09-07T07:47:48.887+0530 I CONTROL  [initandlisten] git version: 22ec9e93b40c85fc7cae7d56e7d6a02fd811088c
2016-09-07T07:47:48.887+0530 I CONTROL  [initandlisten] OpenSSL version: OpenSSL 0.9.8zh 14 Jan 2016
2016-09-07T07:47:48.887+0530 I CONTROL  [initandlisten] allocator: system
2016-09-07T07:47:48.887+0530 I CONTROL  [initandlisten] modules: none
2016-09-07T07:47:48.887+0530 I CONTROL  [initandlisten] build environment:
2016-09-07T07:47:48.887+0530 I CONTROL  [initandlisten]     distarch: x86_64
2016-09-07T07:47:48.887+0530 I CONTROL  [initandlisten]     target_arch: x86_64
2016-09-07T07:47:48.887+0530 I CONTROL  [initandlisten] options: { storage: { dbPath: "mongodb/data/db" } }
2016-09-07T07:47:48.888+0530 I -        [initandlisten] Detected data files in mongodb/data/db created by the 'wiredTiger' storage engine, so setting the active storage engine to 'wiredTiger'.
2016-09-07T07:47:48.888+0530 I STORAGE  [initandlisten] wiredtiger_open config: create,cache_size=9G,session_max=20000,eviction=(threads_max=4),config_base=false,statistics=(fast),log=(enabled=true,archive=true,path=journal,compressor=snappy),file_manager=(close_idle_time=100000),checkpoint=(wait=60,log_size=2GB),statistics_log=(wait=0),
2016-09-07T07:47:49.429+0530 I FTDC     [initandlisten] Initializing full-time diagnostic data capture with directory 'mongodb/data/db/diagnostic.data'
2016-09-07T07:47:49.429+0530 I NETWORK  [HostnameCanonicalizationWorker] Starting hostname canonicalization worker
2016-09-07T07:47:49.429+0530 I NETWORK  [initandlisten] waiting for connections on port 27017
2016-09-07T07:48:01.737+0530 I CONTROL  [signalProcessingThread] got signal 2 (Interrupt: 2), will terminate after current cmd ends
2016-09-07T07:48:01.737+0530 I FTDC     [signalProcessingThread] Shutting down full-time diagnostic data capture
2016-09-07T07:48:01.741+0530 I CONTROL  [signalProcessingThread] now exiting
2016-09-07T07:48:01.741+0530 I NETWORK  [signalProcessingThread] shutdown: going to close listening sockets...
2016-09-07T07:48:01.741+0530 I NETWORK  [signalProcessingThread] closing listening socket: 6
2016-09-07T07:48:01.741+0530 I NETWORK  [signalProcessingThread] closing listening socket: 7
2016-09-07T07:48:01.741+0530 I NETWORK  [signalProcessingThread] removing socket file: /tmp/mongodb-27017.sock
2016-09-07T07:48:01.741+0530 I NETWORK  [signalProcessingThread] shutdown: going to flush diaglog...
2016-09-07T07:48:01.741+0530 I NETWORK  [signalProcessingThread] shutdown: going to close sockets...
2016-09-07T07:48:01.741+0530 I STORAGE  [signalProcessingThread] WiredTigerKVEngine shutting down
2016-09-07T07:48:01.982+0530 I STORAGE  [signalProcessingThread] shutdown: removing fs lock...
2016-09-07T07:48:01.982+0530 I CONTROL  [signalProcessingThread] dbexit:  rc: 0
